
> work-assistant@2.2.0 lint
> svelte-check && eslint . --ext .ts

Loading svelte-check in workspace: g:\Randy\temp\plugins\obsidian-work-assistant
Getting Svelte diagnostics...

g:\Randy\temp\plugins\obsidian-work-assistant\[32msrc\periodic\settings\components\NoteFormatSetting.svelte[39m:71:3
[33mWarn[39m: Unused CSS selector ".alert-warning"
https://svelte.dev/e/css_unused_selector (svelte)
[36m<style>
  [35m.alert-warning[36m {
    color: var(--text-muted);[39m

g:\Randy\temp\plugins\obsidian-work-assistant\[32msrc\periodic\settings\pages\details\PeriodicGroup.svelte[39m:42:3
[33mWarn[39m: Visible, non-interactive elements with a click event must be accompanied by a keyboard event handler. Consider whether an interactive element such as `<button type="button">` or `<a>` might be more appropriate
https://svelte.dev/e/a11y_click_events_have_key_events (svelte)
[36m<div class="periodic-group">
  [35m<div
    class="setting-item setting-item-heading periodic-group-heading"
    on:click={toggleExpand}
  >
    <div class="setting-item-info">
      <h3 class="setting-item-name periodic-group-title">
        <Arrow {isExpanded} />
        {t(`periodic-note-heading-${granularity}`)}
        {#if $config.openAtStartup}
          <span class="badge">{t("settings-common-open-startup")}</span>
        {/if}
      </h3>
    </div>
    <div class="setting-item-control">
      <label
        class="checkbox-container"
        class:is-enabled={$config.enabled}
        on:click|stopPropagation
      >
        <input
          type="checkbox"
          bind:checked={$config.enabled}
          style="display: none;"
        />
      </label>
    </div>
  </div>[36m
  {#if isExpanded}[39m

g:\Randy\temp\plugins\obsidian-work-assistant\[32msrc\periodic\settings\pages\details\PeriodicGroup.svelte[39m:42:3
[33mWarn[39m: `<div>` with a click handler must have an ARIA role
https://svelte.dev/e/a11y_no_static_element_interactions (svelte)
[36m<div class="periodic-group">
  [35m<div
    class="setting-item setting-item-heading periodic-group-heading"
    on:click={toggleExpand}
  >
    <div class="setting-item-info">
      <h3 class="setting-item-name periodic-group-title">
        <Arrow {isExpanded} />
        {t(`periodic-note-heading-${granularity}`)}
        {#if $config.openAtStartup}
          <span class="badge">{t("settings-common-open-startup")}</span>
        {/if}
      </h3>
    </div>
    <div class="setting-item-control">
      <label
        class="checkbox-container"
        class:is-enabled={$config.enabled}
        on:click|stopPropagation
      >
        <input
          type="checkbox"
          bind:checked={$config.enabled}
          style="display: none;"
        />
      </label>
    </div>
  </div>[36m
  {#if isExpanded}[39m

g:\Randy\temp\plugins\obsidian-work-assistant\[32msrc\periodic\settings\pages\details\PeriodicGroup.svelte[39m:56:7
[33mWarn[39m: Visible, non-interactive elements with a click event must be accompanied by a keyboard event handler. Consider whether an interactive element such as `<button type="button">` or `<a>` might be more appropriate
https://svelte.dev/e/a11y_click_events_have_key_events (svelte)
[36m    <div class="setting-item-control">
      [35m<label
        class="checkbox-container"
        class:is-enabled={$config.enabled}
        on:click|stopPropagation
      >
        <input
          type="checkbox"
          bind:checked={$config.enabled}
          style="display: none;"
        />
      </label>[36m
    </div>[39m

g:\Randy\temp\plugins\obsidian-work-assistant\[32msrc\periodic\settings\pages\details\PeriodicGroup.svelte[39m:56:7
[33mWarn[39m: Non-interactive element `<label>` should not be assigned mouse or keyboard event listeners
https://svelte.dev/e/a11y_no_noninteractive_element_interactions (svelte)
[36m    <div class="setting-item-control">
      [35m<label
        class="checkbox-container"
        class:is-enabled={$config.enabled}
        on:click|stopPropagation
      >
        <input
          type="checkbox"
          bind:checked={$config.enabled}
          style="display: none;"
        />
      </label>[36m
    </div>[39m

====================================
[33msvelte-check found 0 errors and 5 warnings in 2 files
[39m
G:\Randy\temp\plugins\obsidian-work-assistant\src\calendar-ui\metadata.ts
  32:24  warning  Forbidden non-null assertion  @typescript-eslint/no-non-null-assertion
  44:24  warning  Forbidden non-null assertion  @typescript-eslint/no-non-null-assertion

G:\Randy\temp\plugins\obsidian-work-assistant\src\main.ts
    3:20  error    'WorkspaceLeaf' is defined but never used  @typescript-eslint/no-unused-vars
   61:30  warning  Unexpected any. Specify a different type   @typescript-eslint/no-explicit-any
   64:24  warning  Unexpected any. Specify a different type   @typescript-eslint/no-explicit-any
  119:11  error    'lang' is assigned a value but never used  @typescript-eslint/no-unused-vars
  258:36  warning  Unexpected any. Specify a different type   @typescript-eslint/no-explicit-any
  259:27  warning  Unexpected any. Specify a different type   @typescript-eslint/no-explicit-any
  260:43  warning  Unexpected any. Specify a different type   @typescript-eslint/no-explicit-any
  261:27  warning  Unexpected any. Specify a different type   @typescript-eslint/no-explicit-any
  422:3   warning  Missing return type on function            @typescript-eslint/explicit-module-boundary-types
  548:26  warning  Unexpected any. Specify a different type   @typescript-eslint/no-explicit-any
  571:53  warning  Unexpected any. Specify a different type   @typescript-eslint/no-explicit-any
  584:20  warning  Unexpected any. Specify a different type   @typescript-eslint/no-explicit-any
  591:26  warning  Unexpected any. Specify a different type   @typescript-eslint/no-explicit-any
  642:31  warning  Unexpected any. Specify a different type   @typescript-eslint/no-explicit-any
  668:24  warning  Unexpected any. Specify a different type   @typescript-eslint/no-explicit-any

G:\Randy\temp\plugins\obsidian-work-assistant\src\periodic\commands.ts
  97:79  warning  Unexpected any. Specify a different type  @typescript-eslint/no-explicit-any

G:\Randy\temp\plugins\obsidian-work-assistant\src\periodic\settings\index.ts
  87:11  warning  Unexpected any. Specify a different type  @typescript-eslint/no-explicit-any

G:\Randy\temp\plugins\obsidian-work-assistant\src\periodic\settings\utils.ts
  11:33  warning  Unexpected any. Specify a different type  @typescript-eslint/no-explicit-any
  32:34  warning  Unexpected any. Specify a different type  @typescript-eslint/no-explicit-any
  69:99  warning  Unexpected any. Specify a different type  @typescript-eslint/no-explicit-any

G:\Randy\temp\plugins\obsidian-work-assistant\src\pomo\timer.ts
   52:5   warning  Missing return type on function           @typescript-eslint/explicit-module-boundary-types
   81:5   warning  Missing return type on function           @typescript-eslint/explicit-module-boundary-types
  134:5   warning  Missing return type on function           @typescript-eslint/explicit-module-boundary-types
  302:39  warning  Unexpected any. Specify a different type  @typescript-eslint/no-explicit-any

G:\Randy\temp\plugins\obsidian-work-assistant\src\services\audio\WhiteNoiseService.ts
  10:19  warning  Unexpected any. Specify a different type             @typescript-eslint/no-explicit-any
  17:5   warning  Missing return type on function                      @typescript-eslint/explicit-module-boundary-types
  17:13  warning  Argument 'smtc' should be typed with a non-any type  @typescript-eslint/explicit-module-boundary-types
  17:19  warning  Unexpected any. Specify a different type             @typescript-eslint/no-explicit-any
  21:5   warning  Missing return type on function                      @typescript-eslint/explicit-module-boundary-types
  34:5   warning  Missing return type on function                      @typescript-eslint/explicit-module-boundary-types
  48:5   warning  Missing return type on function                      @typescript-eslint/explicit-module-boundary-types
  59:5   warning  Missing return type on function                      @typescript-eslint/explicit-module-boundary-types
  67:5   warning  Missing return type on function                      @typescript-eslint/explicit-module-boundary-types
  80:5   warning  Missing return type on function                      @typescript-eslint/explicit-module-boundary-types

G:\Randy\temp\plugins\obsidian-work-assistant\src\settings.ts
  198:94  warning  Unexpected any. Specify a different type  @typescript-eslint/no-explicit-any

G:\Randy\temp\plugins\obsidian-work-assistant\src\smtc\BrowserSMTC.ts
  14:5  warning  Missing return type on function  @typescript-eslint/explicit-module-boundary-types
  21:5  warning  Missing return type on function  @typescript-eslint/explicit-module-boundary-types
  31:5  warning  Missing return type on function  @typescript-eslint/explicit-module-boundary-types
  55:5  warning  Missing return type on function  @typescript-eslint/explicit-module-boundary-types

G:\Randy\temp\plugins\obsidian-work-assistant\src\smtc\SystemMediaMonitor.ts
   29:5  warning  Missing return type on function  @typescript-eslint/explicit-module-boundary-types
   64:5  warning  Missing return type on function  @typescript-eslint/explicit-module-boundary-types
  133:5  warning  Missing return type on function  @typescript-eslint/explicit-module-boundary-types
  140:5  warning  Missing return type on function  @typescript-eslint/explicit-module-boundary-types
  167:5  warning  Missing return type on function  @typescript-eslint/explicit-module-boundary-types

G:\Randy\temp\plugins\obsidian-work-assistant\src\ui\StatusBarPlayer.ts
  11:27  warning  Unexpected any. Specify a different type  @typescript-eslint/no-explicit-any
  30:5   warning  Missing return type on function           @typescript-eslint/explicit-module-boundary-types
  69:27  warning  Unexpected any. Specify a different type  @typescript-eslint/no-explicit-any

G:\Randy\temp\plugins\obsidian-work-assistant\src\view.ts
  147:11  warning  Unexpected any. Specify a different type  @typescript-eslint/no-explicit-any

G:\Randy\temp\plugins\obsidian-work-assistant\src\wordCountStats.ts
   51:2  warning  Missing return type on function  @typescript-eslint/explicit-module-boundary-types
   55:2  warning  Missing return type on function  @typescript-eslint/explicit-module-boundary-types
  111:2  warning  Missing return type on function  @typescript-eslint/explicit-module-boundary-types

鉁?53 problems (2 errors, 51 warnings)

